c:\universidad\ig\ig\parte1 extra\proyectosig_x64_vs2019_fg\ig1app\x64\debug\vc142.pdb
c:\universidad\ig\ig\parte1 extra\proyectosig_x64_vs2019_fg\ig1app\x64\debug\vc142.idb
c:\universidad\ig\ig\parte1 extra\proyectosig_x64_vs2019_fg\ig1app\x64\debug\viewport.obj
c:\universidad\ig\ig\parte1 extra\proyectosig_x64_vs2019_fg\ig1app\x64\debug\triangulorgb.obj
c:\universidad\ig\ig\parte1 extra\proyectosig_x64_vs2019_fg\ig1app\x64\debug\texture.obj
c:\universidad\ig\ig\parte1 extra\proyectosig_x64_vs2019_fg\ig1app\x64\debug\suelo.obj
c:\universidad\ig\ig\parte1 extra\proyectosig_x64_vs2019_fg\ig1app\x64\debug\sierpinski.obj
c:\universidad\ig\ig\parte1 extra\proyectosig_x64_vs2019_fg\ig1app\x64\debug\scene.obj
c:\universidad\ig\ig\parte1 extra\proyectosig_x64_vs2019_fg\ig1app\x64\debug\rectangulorgb.obj
c:\universidad\ig\ig\parte1 extra\proyectosig_x64_vs2019_fg\ig1app\x64\debug\poligono.obj
c:\universidad\ig\ig\parte1 extra\proyectosig_x64_vs2019_fg\ig1app\x64\debug\planta.obj
c:\universidad\ig\ig\parte1 extra\proyectosig_x64_vs2019_fg\ig1app\x64\debug\pixmap32rgba.obj
c:\universidad\ig\ig\parte1 extra\proyectosig_x64_vs2019_fg\ig1app\x64\debug\mesh.obj
c:\universidad\ig\ig\parte1 extra\proyectosig_x64_vs2019_fg\ig1app\x64\debug\main.obj
c:\universidad\ig\ig\parte1 extra\proyectosig_x64_vs2019_fg\ig1app\x64\debug\ig1app.obj
c:\universidad\ig\ig\parte1 extra\proyectosig_x64_vs2019_fg\ig1app\x64\debug\foto.obj
c:\universidad\ig\ig\parte1 extra\proyectosig_x64_vs2019_fg\ig1app\x64\debug\fondo.obj
c:\universidad\ig\ig\parte1 extra\proyectosig_x64_vs2019_fg\ig1app\x64\debug\estrella.obj
c:\universidad\ig\ig\parte1 extra\proyectosig_x64_vs2019_fg\ig1app\x64\debug\entity.obj
c:\universidad\ig\ig\parte1 extra\proyectosig_x64_vs2019_fg\ig1app\x64\debug\cristalera.obj
c:\universidad\ig\ig\parte1 extra\proyectosig_x64_vs2019_fg\ig1app\x64\debug\caja.obj
c:\universidad\ig\ig\parte1 extra\proyectosig_x64_vs2019_fg\ig1app\x64\debug\camera.obj
c:\universidad\ig\ig\parte1 extra\proyectosig_x64_vs2019_fg\bin\ig1appdebug.ilk
c:\universidad\ig\ig\parte1 extra\proyectosig_x64_vs2019_fg\bin\ig1appdebug.exe
c:\universidad\ig\ig\parte1 extra\proyectosig_x64_vs2019_fg\bin\ig1appdebug.pdb
c:\universidad\ig\ig\parte1 extra\proyectosig_x64_vs2019_fg\ig1app\x64\debug\ig1app.tlog\cl.command.1.tlog
c:\universidad\ig\ig\parte1 extra\proyectosig_x64_vs2019_fg\ig1app\x64\debug\ig1app.tlog\cl.read.1.tlog
c:\universidad\ig\ig\parte1 extra\proyectosig_x64_vs2019_fg\ig1app\x64\debug\ig1app.tlog\cl.write.1.tlog
c:\universidad\ig\ig\parte1 extra\proyectosig_x64_vs2019_fg\ig1app\x64\debug\ig1app.tlog\link.command.1.tlog
c:\universidad\ig\ig\parte1 extra\proyectosig_x64_vs2019_fg\ig1app\x64\debug\ig1app.tlog\link.read.1.tlog
c:\universidad\ig\ig\parte1 extra\proyectosig_x64_vs2019_fg\ig1app\x64\debug\ig1app.tlog\link.write.1.tlog
