  Caja.cpp
  Camera.cpp
  Cristalera.cpp
  Entity.cpp
  Estrella.cpp
  Foto.cpp
  IG1App.cpp
  main.cpp
  Mesh.cpp
C:\Universidad\IG\SandraIG\IG\ProyectosIG_x64_VS2019_FG\IG1App\Mesh.cpp(52,23): warning C4018: '<': no coinciden signed/unsigned
C:\Universidad\IG\SandraIG\IG\ProyectosIG_x64_VS2019_FG\IG1App\Mesh.cpp(76,32): warning C4244: '=': conversión de 'GLdouble' a 'GLuint'; posible pérdida de datos
C:\Universidad\IG\SandraIG\IG\ProyectosIG_x64_VS2019_FG\IG1App\Mesh.cpp(228,23): warning C4018: '<': no coinciden signed/unsigned
  Pixmap32RGBA.cpp
  Planta.cpp
  Poligono.cpp
  RectanguloRGB.cpp
  Scene.cpp
C:\Universidad\IG\SandraIG\IG\ProyectosIG_x64_VS2019_FG\IG1App\Scene.cpp(82,44): warning C4244: 'argumento': conversión de 'double' a 'GLuint'; posible pérdida de datos
C:\Universidad\IG\SandraIG\IG\ProyectosIG_x64_VS2019_FG\IG1App\Scene.cpp(82,38): warning C4244: 'argumento': conversión de 'double' a 'GLuint'; posible pérdida de datos
  Sierpinski.cpp
C:\Universidad\IG\SandraIG\IG\ProyectosIG_x64_VS2019_FG\IG1App\Sierpinski.cpp(11,21): warning C4244: 'argumento': conversión de 'double' a 'GLbyte'; posible pérdida de datos
C:\Universidad\IG\SandraIG\IG\ProyectosIG_x64_VS2019_FG\IG1App\Sierpinski.cpp(11,17): warning C4244: 'argumento': conversión de 'double' a 'GLbyte'; posible pérdida de datos
C:\Universidad\IG\SandraIG\IG\ProyectosIG_x64_VS2019_FG\IG1App\Sierpinski.cpp(11,13): warning C4244: 'argumento': conversión de 'double' a 'GLbyte'; posible pérdida de datos
  Suelo.cpp
  Texture.cpp
C:\Universidad\IG\SandraIG\IG\ProyectosIG_x64_VS2019_FG\IG1App\Texture.cpp(82,14): warning C4244: '=': conversión de 'GLdouble' a 'GLuint'; posible pérdida de datos
C:\Universidad\IG\SandraIG\IG\ProyectosIG_x64_VS2019_FG\IG1App\Texture.cpp(83,15): warning C4244: '=': conversión de 'GLdouble' a 'GLuint'; posible pérdida de datos
  TrianguloRGB.cpp
  Viewport.cpp
  Generando código...
  IG1App.vcxproj -> C:\Universidad\IG\SandraIG\IG\ProyectosIG_x64_VS2019_FG\bin\IG1AppDebug.exe
