e:\desarrollo de videojuegos\2 curso\ig\proyectosig_x64_vs2019_fg\ig1app\x64\debug\vc142.pdb
e:\desarrollo de videojuegos\2 curso\ig\proyectosig_x64_vs2019_fg\ig1app\x64\debug\vc142.idb
e:\desarrollo de videojuegos\2 curso\ig\proyectosig_x64_vs2019_fg\ig1app\x64\debug\viewport.obj
e:\desarrollo de videojuegos\2 curso\ig\proyectosig_x64_vs2019_fg\ig1app\x64\debug\triangulorgb.obj
e:\desarrollo de videojuegos\2 curso\ig\proyectosig_x64_vs2019_fg\ig1app\x64\debug\texture.obj
e:\desarrollo de videojuegos\2 curso\ig\proyectosig_x64_vs2019_fg\ig1app\x64\debug\suelo.obj
e:\desarrollo de videojuegos\2 curso\ig\proyectosig_x64_vs2019_fg\ig1app\x64\debug\sierpinski.obj
e:\desarrollo de videojuegos\2 curso\ig\proyectosig_x64_vs2019_fg\ig1app\x64\debug\scene.obj
e:\desarrollo de videojuegos\2 curso\ig\proyectosig_x64_vs2019_fg\ig1app\x64\debug\rectangulorgb.obj
e:\desarrollo de videojuegos\2 curso\ig\proyectosig_x64_vs2019_fg\ig1app\x64\debug\poligono.obj
e:\desarrollo de videojuegos\2 curso\ig\proyectosig_x64_vs2019_fg\ig1app\x64\debug\pixmap32rgba.obj
e:\desarrollo de videojuegos\2 curso\ig\proyectosig_x64_vs2019_fg\ig1app\x64\debug\mesh.obj
e:\desarrollo de videojuegos\2 curso\ig\proyectosig_x64_vs2019_fg\ig1app\x64\debug\main.obj
e:\desarrollo de videojuegos\2 curso\ig\proyectosig_x64_vs2019_fg\ig1app\x64\debug\ig1app.obj
e:\desarrollo de videojuegos\2 curso\ig\proyectosig_x64_vs2019_fg\ig1app\x64\debug\estrella.obj
e:\desarrollo de videojuegos\2 curso\ig\proyectosig_x64_vs2019_fg\ig1app\x64\debug\entity.obj
e:\desarrollo de videojuegos\2 curso\ig\proyectosig_x64_vs2019_fg\ig1app\x64\debug\camera.obj
e:\desarrollo de videojuegos\2 curso\ig\proyectosig_x64_vs2019_fg\ig1app\x64\debug\caja.obj
e:\desarrollo de videojuegos\2 curso\ig\proyectosig_x64_vs2019_fg\ig1app\x64\debug\foto.obj
e:\desarrollo de videojuegos\2 curso\ig\proyectosig_x64_vs2019_fg\bin\ig1appdebug.exe
e:\desarrollo de videojuegos\2 curso\ig\proyectosig_x64_vs2019_fg\bin\ig1appdebug.ilk
e:\desarrollo de videojuegos\2 curso\ig\proyectosig_x64_vs2019_fg\bin\ig1appdebug.pdb
e:\desarrollo de videojuegos\2 curso\ig\proyectosig_x64_vs2019_fg\ig1app\x64\debug\ig1app.tlog\cl.command.1.tlog
e:\desarrollo de videojuegos\2 curso\ig\proyectosig_x64_vs2019_fg\ig1app\x64\debug\ig1app.tlog\cl.read.1.tlog
e:\desarrollo de videojuegos\2 curso\ig\proyectosig_x64_vs2019_fg\ig1app\x64\debug\ig1app.tlog\cl.write.1.tlog
e:\desarrollo de videojuegos\2 curso\ig\proyectosig_x64_vs2019_fg\ig1app\x64\debug\ig1app.tlog\link.command.1.tlog
e:\desarrollo de videojuegos\2 curso\ig\proyectosig_x64_vs2019_fg\ig1app\x64\debug\ig1app.tlog\link.read.1.tlog
e:\desarrollo de videojuegos\2 curso\ig\proyectosig_x64_vs2019_fg\ig1app\x64\debug\ig1app.tlog\link.write.1.tlog
