f:\desarrollo de videojuegos\2 curso\ig\parte2\proyectosig_x64_vs2019_fg\ig1app\x64\debug\vc142.pdb
f:\desarrollo de videojuegos\2 curso\ig\parte2\proyectosig_x64_vs2019_fg\ig1app\x64\debug\vc142.idb
f:\desarrollo de videojuegos\2 curso\ig\parte2\proyectosig_x64_vs2019_fg\ig1app\x64\debug\suelo.obj
f:\desarrollo de videojuegos\2 curso\ig\parte2\proyectosig_x64_vs2019_fg\ig1app\x64\debug\sierpinski.obj
f:\desarrollo de videojuegos\2 curso\ig\parte2\proyectosig_x64_vs2019_fg\ig1app\x64\debug\scene.obj
f:\desarrollo de videojuegos\2 curso\ig\parte2\proyectosig_x64_vs2019_fg\ig1app\x64\debug\rectangulorgb.obj
f:\desarrollo de videojuegos\2 curso\ig\parte2\proyectosig_x64_vs2019_fg\ig1app\x64\debug\quadricentity.obj
f:\desarrollo de videojuegos\2 curso\ig\parte2\proyectosig_x64_vs2019_fg\ig1app\x64\debug\poligono.obj
f:\desarrollo de videojuegos\2 curso\ig\parte2\proyectosig_x64_vs2019_fg\ig1app\x64\debug\planta.obj
f:\desarrollo de videojuegos\2 curso\ig\parte2\proyectosig_x64_vs2019_fg\ig1app\x64\debug\pixmap32rgba.obj
f:\desarrollo de videojuegos\2 curso\ig\parte2\proyectosig_x64_vs2019_fg\ig1app\x64\debug\mesh.obj
f:\desarrollo de videojuegos\2 curso\ig\parte2\proyectosig_x64_vs2019_fg\ig1app\x64\debug\indexmesh.obj
f:\desarrollo de videojuegos\2 curso\ig\parte2\proyectosig_x64_vs2019_fg\ig1app\x64\debug\ig1app.obj
f:\desarrollo de videojuegos\2 curso\ig\parte2\proyectosig_x64_vs2019_fg\ig1app\x64\debug\foto.obj
f:\desarrollo de videojuegos\2 curso\ig\parte2\proyectosig_x64_vs2019_fg\ig1app\x64\debug\estrella.obj
f:\desarrollo de videojuegos\2 curso\ig\parte2\proyectosig_x64_vs2019_fg\ig1app\x64\debug\entitywithindexmesh.obj
f:\desarrollo de videojuegos\2 curso\ig\parte2\proyectosig_x64_vs2019_fg\ig1app\x64\debug\entity.obj
f:\desarrollo de videojuegos\2 curso\ig\parte2\proyectosig_x64_vs2019_fg\ig1app\x64\debug\cristalera.obj
f:\desarrollo de videojuegos\2 curso\ig\parte2\proyectosig_x64_vs2019_fg\ig1app\x64\debug\compoundentity.obj
f:\desarrollo de videojuegos\2 curso\ig\parte2\proyectosig_x64_vs2019_fg\ig1app\x64\debug\camera.obj
f:\desarrollo de videojuegos\2 curso\ig\parte2\proyectosig_x64_vs2019_fg\ig1app\x64\debug\caja.obj
f:\desarrollo de videojuegos\2 curso\ig\parte2\proyectosig_x64_vs2019_fg\ig1app\x64\debug\anillocuadrado.obj
f:\desarrollo de videojuegos\2 curso\ig\parte2\proyectosig_x64_vs2019_fg\ig1app\x64\debug\main.obj
f:\desarrollo de videojuegos\2 curso\ig\parte2\proyectosig_x64_vs2019_fg\ig1app\x64\debug\viewport.obj
f:\desarrollo de videojuegos\2 curso\ig\parte2\proyectosig_x64_vs2019_fg\ig1app\x64\debug\triangulorgb.obj
f:\desarrollo de videojuegos\2 curso\ig\parte2\proyectosig_x64_vs2019_fg\ig1app\x64\debug\texture.obj
f:\desarrollo de videojuegos\2 curso\ig\parte2\proyectosig_x64_vs2019_fg\ig1app\x64\debug\mbr.obj
f:\desarrollo de videojuegos\2 curso\ig\parte2\proyectosig_x64_vs2019_fg\bin\ig1appdebug.exe
f:\desarrollo de videojuegos\2 curso\ig\parte2\proyectosig_x64_vs2019_fg\bin\ig1appdebug.ilk
f:\desarrollo de videojuegos\2 curso\ig\parte2\proyectosig_x64_vs2019_fg\bin\ig1appdebug.pdb
f:\desarrollo de videojuegos\2 curso\ig\parte2\proyectosig_x64_vs2019_fg\ig1app\x64\debug\ig1app.tlog\cl.command.1.tlog
f:\desarrollo de videojuegos\2 curso\ig\parte2\proyectosig_x64_vs2019_fg\ig1app\x64\debug\ig1app.tlog\cl.read.1.tlog
f:\desarrollo de videojuegos\2 curso\ig\parte2\proyectosig_x64_vs2019_fg\ig1app\x64\debug\ig1app.tlog\cl.write.1.tlog
f:\desarrollo de videojuegos\2 curso\ig\parte2\proyectosig_x64_vs2019_fg\ig1app\x64\debug\ig1app.tlog\link.command.1.tlog
f:\desarrollo de videojuegos\2 curso\ig\parte2\proyectosig_x64_vs2019_fg\ig1app\x64\debug\ig1app.tlog\link.read.1.tlog
f:\desarrollo de videojuegos\2 curso\ig\parte2\proyectosig_x64_vs2019_fg\ig1app\x64\debug\ig1app.tlog\link.write.1.tlog
